Log file open, 06/16/16 22:52:10
LogInit:Display: Running engine for game: LJSPR_Study
LogPlatformFile: Not using cached read wrapper
LogInit:Display: RandInit(2101515331) SRandInit(2101515333).
LogTaskGraph: Started task graph with 4 named threads and 7 total threads.
LogStats: Stats thread started at 0.083388
LogHMD: Can't find Oculus library dev build: is proper Runtime installed? Version: 1.3.0
LogInit: Version: 4.11.2-2946394+++UE4+Release-4.11
LogInit: API Version: 2927265
LogInit: Compiled (64-bit): Apr 18 2016 02:18:46
LogInit: Compiled with Visual C++: 19.00.23026.00
LogInit: Build Configuration: Development
LogInit: Branch Name: ++UE4+Release-4.11
LogInit: Command line:  
LogInit: Base directory: C:/Program Files/Unreal Engine/4.11/Engine/Binaries/Win64/
LogInit: Installed Engine Build: 1
LogInit: Using libcurl 7.41.0
LogInit:  - built for x86_64-pc-win32
LogInit:  - supports SSL with WinSSL
LogInit:  - other features:
LogInit:      CURL_VERSION_SSL
LogInit:      CURL_VERSION_IPV6
LogInit:      CURL_VERSION_ASYNCHDNS
LogInit:      CURL_VERSION_LARGEFILE
LogInit:      CURL_VERSION_IDN
LogInit:  CurlRequestOptions (configurable via config and command line):
LogInit:  - bVerifyPeer = true  - Libcurl will verify peer certificate
LogInit:  - bUseHttpProxy = false  - Libcurl will NOT use HTTP proxy
LogInit:  - bDontReuseConnections = false  - Libcurl will reuse connections
LogInit:  - CertBundlePath = nullptr  - Libcurl will use whatever was configured at build time.
LogInit: Presizing for max 16777216 objects, including 0 objects not considered by GC, pre-allocating 0 bytes for permanent pool.
LogInit: Object subsystem initialized
[2016.06.16-13.52.10:174][  0]LogInit: Selected Device Profile: [Windows]
[2016.06.16-13.52.10:174][  0]LogInit: Applying CVar settings loaded from the selected device profile: [Windows]
[2016.06.16-13.52.10:349][  0]LogInit: Computer: EMPRISE
[2016.06.16-13.52.10:349][  0]LogInit: User: nightfall
[2016.06.16-13.52.10:349][  0]LogInit: CPU Page size=65536, Cores=4
[2016.06.16-13.52.10:349][  0]LogInit: High frequency timer resolution =3.312784 MHz
[2016.06.16-13.52.10:349][  0]LogMemory: Memory total: Physical=15.9GB (16GB approx)
[2016.06.16-13.52.10:349][  0]LogMemory: Platform Memory Stats for Windows
[2016.06.16-13.52.10:349][  0]LogMemory: Process Physical Memory: 313.83 MB used, 313.83 MB peak
[2016.06.16-13.52.10:349][  0]LogMemory: Process Virtual Memory: 314.78 MB used, 314.78 MB peak
[2016.06.16-13.52.10:349][  0]LogMemory: Physical Memory: 5385.16 MB used, 16268.42 MB total
[2016.06.16-13.52.10:349][  0]LogMemory: Virtual Memory: 652.18 MB used, 134217728.00 MB total
[2016.06.16-13.52.10:412][  0]LogTextLocalizationManager: No specific translations for ('en-US') exist, so ('en') translations will be used.
[2016.06.16-13.52.10:841][  0]LogD3D11RHI: D3D11 adapters:
[2016.06.16-13.52.10:869][  0]LogD3D11RHI:    0. 'NVIDIA GeForce GTX 660  ' (Feature Level 11_0)
[2016.06.16-13.52.10:869][  0]LogD3D11RHI:       1988MB of dedicated video memory, 0MB of dedicated system memory, and 8134MB of shared system memory, 1 output[s]
[2016.06.16-13.52.10:874][  0]LogD3D11RHI:    1. 'Intel(R) HD Graphics' (Feature Level 11_0)
[2016.06.16-13.52.10:875][  0]LogD3D11RHI:       32MB of dedicated video memory, 0MB of dedicated system memory, and 1760MB of shared system memory, 0 output[s]
[2016.06.16-13.52.10:877][  0]LogD3D11RHI:    2. 'Microsoft Basic Render Driver' (Feature Level 11_0)
[2016.06.16-13.52.10:877][  0]LogD3D11RHI:       0MB of dedicated video memory, 0MB of dedicated system memory, and 8134MB of shared system memory, 0 output[s]
[2016.06.16-13.52.10:877][  0]LogD3D11RHI: Chosen D3D11 Adapter: 0
[2016.06.16-13.52.10:882][  0]LogD3D11RHI: Creating new Direct3DDevice
[2016.06.16-13.52.10:882][  0]LogD3D11RHI:     Adapter Name: NVIDIA GeForce GTX 660  
[2016.06.16-13.52.10:882][  0]LogD3D11RHI:   Driver Version: Unknown (internal Unknown)
[2016.06.16-13.52.10:882][  0]LogD3D11RHI:      Driver Date: Unknown
[2016.06.16-13.52.10:882][  0]LogRHI: Texture pool is 1361 MB (70% of 1945 MB)
[2016.06.16-13.52.10:898][  0]LogD3D11RHI: Async texture creation enabled
[2016.06.16-13.52.10:915][  0]LogShaderCompilers: Guid format shader working directory is 14 characters bigger than the processId version (D:/Unreal4Projects_LJS/LJSPR_Study/Intermediate/Shaders/WorkingDirectory/11024/).
[2016.06.16-13.52.10:915][  0]LogShaderCompilers: Cleaned the shader compiler working directory 'C:/Users/NIGHTF~1/AppData/Local/Temp/UnrealShaderWorkingDir/2F19B5DC4FCBEA7B20B16FBC4C6EC165/'.
[2016.06.16-13.52.10:915][  0]LogShaderCompilers:Display: Using Local Shader Compiler.
[2016.06.16-13.52.12:165][  0]LogTemp:Display: Loaded TP AllDesktopTargetPlatform
[2016.06.16-13.52.12:172][  0]LogTemp:Display: Loaded TP WindowsClientTargetPlatform
[2016.06.16-13.52.12:179][  0]LogTemp:Display: Loaded TP WindowsNoEditorTargetPlatform
[2016.06.16-13.52.12:185][  0]LogTemp:Display: Loaded TP WindowsServerTargetPlatform
[2016.06.16-13.52.12:191][  0]LogTemp:Display: Loaded TP WindowsTargetPlatform
[2016.06.16-13.52.12:196][  0]LogTemp:Display: Loaded TP AndroidTargetPlatform
[2016.06.16-13.52.12:200][  0]LogTemp:Display: Loaded TP Android_ASTCTargetPlatform
[2016.06.16-13.52.12:204][  0]LogTemp:Display: Loaded TP Android_ATCTargetPlatform
[2016.06.16-13.52.12:208][  0]LogTemp:Display: Loaded TP Android_DXTTargetPlatform
[2016.06.16-13.52.12:212][  0]LogTemp:Display: Loaded TP Android_ETC1TargetPlatform
[2016.06.16-13.52.12:217][  0]LogTemp:Display: Loaded TP Android_ETC2TargetPlatform
[2016.06.16-13.52.12:226][  0]LogTemp:Display: Loaded TP Android_MultiTargetPlatform
[2016.06.16-13.52.12:226][  0]LogTemp:Display: Loaded TP Android_PVRTCTargetPlatform
[2016.06.16-13.52.12:228][  0]LogTemp:Display: Loaded TP HTML5TargetPlatform
[2016.06.16-13.52.12:248][  0]LogTemp:Display: Loaded TP IOSTargetPlatform
[2016.06.16-13.52.12:251][  0]LogTemp:Display: Loaded TP TVOSTargetPlatform
[2016.06.16-13.52.12:255][  0]LogTemp:Display: Loaded TP LinuxNoEditorTargetPlatform
[2016.06.16-13.52.12:259][  0]LogTemp:Display: Loaded TP LinuxServerTargetPlatform
[2016.06.16-13.52.12:264][  0]LogTemp:Display: Loaded TP LinuxTargetPlatform
[2016.06.16-13.52.12:264][  0]LogTargetPlatformManager:Display: Building Assets For Windows
[2016.06.16-13.52.12:376][  0]LogDerivedDataCache:Display: Max Cache Size: 512 MB
[2016.06.16-13.52.12:421][  0]LogDerivedDataCache: Loaded boot cache 0.04s 46MB C:/Users/nightfall/AppData/Local/UnrealEngine/4.11/DerivedDataCache/Boot.ddc.
[2016.06.16-13.52.12:421][  0]LogDerivedDataCache:Display: Loaded Boot cache: C:/Users/nightfall/AppData/Local/UnrealEngine/4.11/DerivedDataCache/Boot.ddc
[2016.06.16-13.52.12:421][  0]LogDerivedDataCache: FDerivedDataBackendGraph:  Pak pak cache file D:/Unreal4Projects_LJS/LJSPR_Study/DerivedDataCache/DDC.ddp not found, will not use a pak cache.
[2016.06.16-13.52.12:421][  0]LogDerivedDataCache: Unable to find inner node Pak for hierarchical cache Hierarchy.
[2016.06.16-13.52.12:421][  0]LogDerivedDataCache: FDerivedDataBackendGraph:  CompressedPak pak cache file D:/Unreal4Projects_LJS/LJSPR_Study/DerivedDataCache/Compressed.ddp not found, will not use a pak cache.
[2016.06.16-13.52.12:421][  0]LogDerivedDataCache: Unable to find inner node CompressedPak for hierarchical cache Hierarchy.
[2016.06.16-13.52.12:437][  0]LogDerivedDataCache:Display: Pak cache opened for reading ../../../Engine/DerivedDataCache/Compressed.ddp.
[2016.06.16-13.52.12:450][  0]LogDerivedDataCache: Using Local data cache path C:/Users/nightfall/AppData/Local/UnrealEngine/Common/DerivedDataCache: Writable
[2016.06.16-13.52.12:686][  0]LogInit: Selected Device Profile: [Windows]
[2016.06.16-13.52.12:687][  0]LogContentStreaming: Texture pool size is 0.00 MB
[2016.06.16-13.52.12:734][  0]LogMaterial: Uniform references updated for custom material expression Custom.
[2016.06.16-13.52.12:868][  0]LogMeshUtilities: No automatic mesh reduction module available
[2016.06.16-13.52.12:868][  0]LogMeshUtilities: No automatic mesh merging module available
[2016.06.16-13.52.12:868][  0]LogMeshUtilities: No distributed automatic mesh merging module available
[2016.06.16-13.52.13:120][  0]LogUObjectArray: 27679 objects as part of root set at end of initial load.
[2016.06.16-13.52.13:120][  0]LogUObjectAllocator: 5591592 out of 0 bytes used by permanent object pool.
[2016.06.16-13.52.13:120][  0]LogUObjectArray: CloseDisregardForGC: 0/0 objects in disregard for GC pool
[2016.06.16-13.52.13:130][  0]LogInit: WinSock: version 1.1 (2.2), MaxSocks=32767, MaxUdp=65467
[2016.06.16-13.52.13:261][  0]LogSlate: SlateFontCache - WITH_FREETYPE: 1, WITH_HARFBUZZ: 1
[2016.06.16-13.52.13:261][  0]LogSlate: SlateFontCache - WITH_FREETYPE: 1, WITH_HARFBUZZ: 1
[2016.06.16-13.52.13:399][  0]LogStreaming:Warning: Failed to read file '../../../Engine/Content/Editor/Slate/Common/Selection_16x.png' error.
[2016.06.16-13.52.13:399][  0]LogSlate: Could not find file for Slate resource: ../../../Engine/Content/Editor/Slate/Common/Selection_16x.png
[2016.06.16-13.52.13:399][  0]LogStreaming:Warning: Failed to read file '../../../Engine/Content/Editor/Slate/Common/Selection_16x.png' error.
[2016.06.16-13.52.13:399][  0]LogSlate: Could not find file for Slate resource: ../../../Engine/Content/Editor/Slate/Common/Selection_16x.png
[2016.06.16-13.52.13:399][  0]LogStreaming:Warning: Failed to read file '../../../Engine/Content/Editor/Slate/Common/Selection_16x.png' error.
[2016.06.16-13.52.13:399][  0]LogSlate: Could not find file for Slate resource: ../../../Engine/Content/Editor/Slate/Common/Selection_16x.png
[2016.06.16-13.52.14:134][  0]LogUdpMessaging: Initializing bridge on interface 0.0.0.0:0 to multicast group 230.0.0.1:6666.
[2016.06.16-13.52.14:262][  0]LogAssetRegistry: FAssetRegistry took 0.0219 seconds to start up
[2016.06.16-13.52.14:475][  0]SourceControl: Info Source control is disabled
[2016.06.16-13.52.14:477][  0]SourceControl: Info Source control is disabled
[2016.06.16-13.52.14:488][  0]SourceControl: Info Source control is disabled
[2016.06.16-13.52.14:499][  0]SourceControl: Info Source control is disabled
[2016.06.16-13.52.15:249][  0]LogHMD: Failed to initialize OpenVR with code 108
[2016.06.16-13.52.15:329][  0]LogEngine: Initializing Engine...
[2016.06.16-13.52.15:476][  0]LogAIModule: Creating AISystem for world NewWorld
[2016.06.16-13.52.15:515][  0]LogInit: XAudio2 using '스피커(Realtek High Definition Audio)' : 2 channels at 48 kHz using 32 bits per sample (channel mask 0x3)
[2016.06.16-13.52.15:574][  0]LogInit: FAudioDevice initialized.
[2016.06.16-13.52.15:599][  0]LogDerivedDataCache: Saved boot cache 0.02s 46MB C:/Users/nightfall/AppData/Local/UnrealEngine/4.11/DerivedDataCache/Boot.ddc.
[2016.06.16-13.52.15:602][  0]LogInit: Texture streaming: Enabled
[2016.06.16-13.52.15:638][  0]LogInit: Transaction tracking system initialized
[2016.06.16-13.52.15:671][  0]BlueprintLog: New page: Editor Load
[2016.06.16-13.52.15:781][  0]LocalizationService: Info Localization service is disabled
[2016.06.16-13.52.15:876][  0]LogConsoleResponse:Display: 
[2016.06.16-13.52.16:008][  0]LogCook:Display: Max memory allowance for cook 8192mb
[2016.06.16-13.52.16:008][  0]LogCook:Display: Mobile HDR setting 1
[2016.06.16-13.52.16:008][  0]LogCook:Display: Done creating registry. It took  0.00s.
[2016.06.16-13.52.16:075][  0]LogFileCache: Scanning file cache for directory 'D:/Unreal4Projects_LJS/LJSPR_Study/Content/' took 0.02s
[2016.06.16-13.52.16:075][  0]SourceControl: Info Source control is disabled
[2016.06.16-13.52.16:075][  0]Cmd: MAP LOAD FILE="D:/Unreal4Projects_LJS/LJSPR_Study/Content/ThirdPersonBP/Maps/ThirdPersonExampleMap.umap" TEMPLATE=0 SHOWPROGRESS=1 FEATURELEVEL=3
[2016.06.16-13.52.16:076][  0]LightingResults: New page: Lighting Build
[2016.06.16-13.52.16:080][  0]MapCheck: New page: Map Check
[2016.06.16-13.52.16:080][  0]LightingResults: New page: Lighting Build
[2016.06.16-13.52.16:545][  0]LogAIModule: Creating AISystem for world ThirdPersonExampleMap
[2016.06.16-13.52.16:554][  0]LogEditorServer: Finished looking for orphan Actors (0.000 secs)
[2016.06.16-13.52.16:555][  0]Cmd: MAP CHECKDEP NOCLEARLOG
[2016.06.16-13.52.16:659][  0]MapCheck: Info Map check complete: 0 Error(s), 0 Warning(s), took 103.559ms to complete.
[2016.06.16-13.52.16:659][  0]LogFileHelpers: Loading map 'ThirdPersonExampleMap' took 0.584
[2016.06.16-13.52.16:798][  0]LogCollectionManager: Loaded 0 collections in 0.002323 seconds
[2016.06.16-13.52.16:842][  0]LogFileCache: Scanning file cache for directory 'D:/Unreal4Projects_LJS/LJSPR_Study/Saved/Collections/' took 0.01s
[2016.06.16-13.52.16:842][  0]LogFileCache: Scanning file cache for directory 'D:/Unreal4Projects_LJS/LJSPR_Study/Content/Developers/nightfall/Collections/' took 0.01s
[2016.06.16-13.52.16:842][  0]LogFileCache: Scanning file cache for directory 'D:/Unreal4Projects_LJS/LJSPR_Study/Content/Collections/' took 0.01s
[2016.06.16-13.52.16:842][  0]LogCollectionManager: Rebuilt the GUID cache for 0 collections in 0.000003 seconds
[2016.06.16-13.52.16:849][  0]LogContentBrowser: Native class hierarchy populated in 0.0075 seconds. Added 1979 classes and 343 folders.
[2016.06.16-13.52.16:855][  0]LogStats: UGameplayTagsManager::ConstructGameplayTagTree: Construct from data asset -  0.000 s
[2016.06.16-13.52.16:855][  0]LogStats: UGameplayTagsManager::ConstructGameplayTagTree: GameplayTagTreeChangedEvent.Broadcast -  0.000 s
[2016.06.16-13.52.16:856][  0]LogContentBrowser: Native class hierarchy updated for 'GameplayTags' in 0.0006 seconds. Added 12 classes and 0 folders.
[2016.06.16-13.52.16:863][  0]LogContentBrowser: Native class hierarchy updated for 'WidgetCarousel' in 0.0006 seconds. Added 0 classes and 0 folders.
[2016.06.16-13.52.16:872][  0]LogContentBrowser: Native class hierarchy updated for 'SuperSearch' in 0.0005 seconds. Added 1 classes and 2 folders.
[2016.06.16-13.52.16:930][  0]LogContentBrowser: Native class hierarchy updated for 'AddContentDialog' in 0.0005 seconds. Added 0 classes and 0 folders.
[2016.06.16-13.52.16:936][  0]LogContentBrowser: Native class hierarchy updated for 'SceneOutliner' in 0.0006 seconds. Added 1 classes and 2 folders.
[2016.06.16-13.52.16:999][  0]LogContentBrowser: Native class hierarchy updated for 'WorldBrowser' in 0.0006 seconds. Added 1 classes and 3 folders.
[2016.06.16-13.52.17:005][  0]LogCrashTracker: Crashtracker disabled due to settings.
[2016.06.16-13.52.17:009][  0]LogUObjectGlobals:Warning: Failed to find object 'Class None.'
[2016.06.16-13.52.17:037][  0]LogContentBrowser: Native class hierarchy updated for 'HierarchicalLODOutliner' in 0.0006 seconds. Added 1 classes and 2 folders.
[2016.06.16-13.52.17:037][  0]LogLoad: Full Startup: 8.56 seconds (BP compile: 0.11 seconds)
[2016.06.16-13.52.17:037][  0]LogExternalProfiler: Found external profiler: VSPerf
[2016.06.16-13.52.17:037][  0]LogExternalProfiler: Using external profiler: VSPerf
[2016.06.16-13.52.17:067][  0]LogWindowsTextInputMethodSystem:Display: IME system now activated using TSF (Microsoft 입력기).
[2016.06.16-13.52.17:068][  0]LogWindowsTextInputMethodSystem:Display: IME system now activated using TSF (Microsoft 입력기).
[2016.06.16-13.52.17:071][  0]LogOcInput: OculusInput pre-init called
[2016.06.16-13.52.17:076][  0]LogOcInput: Can't find Oculus library dev build: is proper Runtime installed? Version: 1.3.0
[2016.06.16-13.52.17:122][  0]LogContentStreaming: Texture pool size now 700 MB
[2016.06.16-13.52.17:273][  0]LogRenderer: Reallocating scene render targets to support 976x524 (Frame:2).
[2016.06.16-13.52.17:340][  1]LogAssetRegistry: Asset discovery search completed in 3.1002 seconds
[2016.06.16-13.52.17:340][  1]LogCollectionManager: Rebuilt the object cache for 0 collections in 0.000001 seconds (found 0 objects)
[2016.06.16-13.52.17:340][  1]LogCollectionManager: Fixed up redirectors for 0 collections in 0.000023 seconds (updated 0 objects)
[2016.06.16-13.52.26:689][ 97]LogAIModule: Creating AISystem for world TSSL_Arena
[2016.06.16-13.52.26:713][ 97]Cmd: MAP LOAD FILE="D:/Unreal4Projects_LJS/LJSPR_Study/Content/LJS_Studies/TwinStickShooter/TSS_Levels/TSSL_Arena.umap" TEMPLATE=0 SHOWPROGRESS=1 FEATURELEVEL=3
[2016.06.16-13.52.26:713][ 97]LightingResults: New page: Lighting Build
[2016.06.16-13.52.26:737][ 97]LoadErrors: New page: Loading map: TSSL_Arena.umap
[2016.06.16-13.52.26:738][ 97]MapCheck: New page: Map Check
[2016.06.16-13.52.26:738][ 97]LightingResults: New page: Lighting Build
[2016.06.16-13.52.26:812][ 97]LogEditorServer: Finished looking for orphan Actors (0.000 secs)
[2016.06.16-13.52.26:854][ 97]Cmd: MAP CHECKDEP NOCLEARLOG
[2016.06.16-13.52.26:963][ 97]MapCheck: Info Map check complete: 0 Error(s), 0 Warning(s), took 109.081ms to complete.
[2016.06.16-13.52.26:964][ 97]LogFileHelpers: Loading map 'TSSL_Arena' took 0.252
[2016.06.16-13.52.56:161][796]LogLinker:Warning: Can't find file '/Game/AnimationAssets/UE4_Mannequin/Mesh/UE4_Mannequin_Skeleton'
[2016.06.16-13.52.56:161][796]LogLinker:Warning: Can't find file for asset '/Game/AnimationAssets/UE4_Mannequin/Mesh/UE4_Mannequin_Skeleton' while loading D:/Unreal4Projects_LJS/LJSPR_Study/Content/LJS_Studies/TwinStickShooter/TSS_AnimationAssets/Death_1.uasset.
[2016.06.16-13.52.56:162][796]LoadErrors:Error: Error /Game/LJS_Studies/TwinStickShooter/TSS_AnimationAssets/Death_1 : Can't find file for asset. /Game/AnimationAssets/UE4_Mannequin/Mesh/UE4_Mannequin_Skeleton
[2016.06.16-13.52.56:162][796]LogLinker:Warning: Can't find file '/Game/AnimationAssets/UE4_Mannequin/Mesh/UE4_Mannequin_Skeleton'
[2016.06.16-13.52.56:162][796]LogLinker:Warning: Can't find file for asset '/Game/AnimationAssets/UE4_Mannequin/Mesh/UE4_Mannequin_Skeleton' while loading D:/Unreal4Projects_LJS/LJSPR_Study/Content/LJS_Studies/TwinStickShooter/TSS_AnimationAssets/Death_1.uasset.
[2016.06.16-13.52.56:162][796]LogLinker:Warning: Can't find file '/Game/AnimationAssets/UE4_Mannequin/Mesh/UE4_Mannequin_Skeleton'
[2016.06.16-13.52.56:162][796]LoadErrors: Info Failed to load /Game/AnimationAssets/UE4_Mannequin/Mesh/UE4_Mannequin_Skeleton.UE4_Mannequin_Skeleton Referenced by Death_1
[2016.06.16-13.52.56:162][796]LogLinker:Warning: Can't find file for asset '/Game/AnimationAssets/UE4_Mannequin/Mesh/UE4_Mannequin_Skeleton' while loading NULL.
[2016.06.16-13.53.21:494][107]LogLinker:Warning: Can't find file '/Game/AnimationAssets/UE4_Mannequin/Mesh/SK_Mannequin'
[2016.06.16-13.53.21:494][107]LogLinker:Warning: Can't find file '/Game/AnimationAssets/UE4_Mannequin/Mesh/SK_Mannequin'
[2016.06.16-13.53.21:494][107]LogUObjectGlobals:Warning: Failed to find object 'SkeletalMesh /Game/AnimationAssets/UE4_Mannequin/Mesh/SK_Mannequin.SK_Mannequin'
[2016.06.16-13.53.24:672][488]LogLinker:Warning: Can't find file '/Game/AnimationAssets/UE4_Mannequin/Mesh/SK_Mannequin'
[2016.06.16-13.53.24:672][488]LogUObjectGlobals:Warning: Failed to find object 'SkeletalMesh /Game/AnimationAssets/UE4_Mannequin/Mesh/SK_Mannequin.SK_Mannequin'
[2016.06.16-13.53.41:482][451]LogSkeletalMesh: InitArticulated: Bodies already created (/Engine/Transient.DebugSkelMeshComponent_2) - call TermArticulated first.
[2016.06.16-13.54.40:716][208]LogWindows:Error: Windows GetLastError: 작업을 완료했습니다. (0)
[2016.06.16-13.54.49:023][208]LogCrashTracker: 


[2016.06.16-13.54.49:034][208]LogCrashTracker: 


[2016.06.16-13.54.49:034][208]LogWindows:Error: === Critical error: ===
Assertion failed: (Index >= 0) & (Index < ArrayNum) [File:D:\BuildFarm\buildmachine_++UE4+Release-4.11\Engine\Source\Runtime\Core\Public\Containers\Array.h] [Line: 785] 
Array index out of bounds: -1 from an array of size 3




[2016.06.16-13.54.49:070][208]LogExit: Executing StaticShutdownAfterError
[2016.06.16-13.54.49:072][208]LogPhysics:Warning: PHYSX: ..\..\PhysX\src\NpScene.cpp (2946) 8 : PxScene::unlockWrite() called without matching call to PxScene::lockWrite(), behaviour will be undefined.
[2016.06.16-13.54.49:072][208]LogPhysics:Warning: PHYSX: ..\..\PhysX\src\NpScene.cpp (2946) 8 : PxScene::unlockWrite() called without matching call to PxScene::lockWrite(), behaviour will be undefined.
[2016.06.16-13.54.49:072][208]LogPhysics:Warning: PHYSX: ..\..\PhysX\src\NpScene.cpp (2946) 8 : PxScene::unlockWrite() called without matching call to PxScene::lockWrite(), behaviour will be undefined.
[2016.06.16-13.54.49:072][208]LogPhysics:Warning: PHYSX: ..\..\PhysX\src\NpScene.cpp (2946) 8 : PxScene::unlockWrite() called without matching call to PxScene::lockWrite(), behaviour will be undefined.
[2016.06.16-13.54.49:072][208]LogPhysics:Warning: PHYSX: ..\..\PhysX\src\NpScene.cpp (2946) 8 : PxScene::unlockWrite() called without matching call to PxScene::lockWrite(), behaviour will be undefined.
[2016.06.16-13.54.49:072][208]LogPhysics:Warning: PHYSX: ..\..\PhysX\src\NpScene.cpp (2946) 8 : PxScene::unlockWrite() called without matching call to PxScene::lockWrite(), behaviour will be undefined.
[2016.06.16-13.54.49:073][208]LogPhysics:Warning: PHYSX: ..\..\PhysX\src\NpScene.cpp (2946) 8 : PxScene::unlockWrite() called without matching call to PxScene::lockWrite(), behaviour will be undefined.
[2016.06.16-13.54.49:073][208]LogPhysics:Warning: PHYSX: ..\..\PhysX\src\NpScene.cpp (2946) 8 : PxScene::unlockWrite() called without matching call to PxScene::lockWrite(), behaviour will be undefined.
[2016.06.16-13.54.49:073][208]LogPhysics:Warning: PHYSX: ..\..\PhysX\src\NpScene.cpp (2946) 8 : PxScene::unlockWrite() called without matching call to PxScene::lockWrite(), behaviour will be undefined.
[2016.06.16-13.54.49:073][208]LogPhysics:Warning: PHYSX: ..\..\PhysX\src\NpScene.cpp (2946) 8 : PxScene::unlockWrite() called without matching call to PxScene::lockWrite(), behaviour will be undefined.
[2016.06.16-13.54.49:073][208]LogWindows: FPlatformMisc::RequestExit(1)
[2016.06.16-13.54.49:073][208]Log file closed, 06/16/16 22:54:49
