Log file open, 06/16/16 22:23:59
LogInit:Display: Running engine for game: LJSPR_Study
LogPlatformFile: Not using cached read wrapper
LogInit:Display: RandInit(797684057) SRandInit(797684059).
LogTaskGraph: Started task graph with 4 named threads and 7 total threads.
LogStats: Stats thread started at 0.083407
LogHMD: Can't find Oculus library dev build: is proper Runtime installed? Version: 1.3.0
LogInit: Version: 4.11.2-2946394+++UE4+Release-4.11
LogInit: API Version: 2927265
LogInit: Compiled (64-bit): Apr 18 2016 02:18:46
LogInit: Compiled with Visual C++: 19.00.23026.00
LogInit: Build Configuration: Development
LogInit: Branch Name: ++UE4+Release-4.11
LogInit: Command line:  
LogInit: Base directory: C:/Program Files/Unreal Engine/4.11/Engine/Binaries/Win64/
LogInit: Installed Engine Build: 1
LogInit: Using libcurl 7.41.0
LogInit:  - built for x86_64-pc-win32
LogInit:  - supports SSL with WinSSL
LogInit:  - other features:
LogInit:      CURL_VERSION_SSL
LogInit:      CURL_VERSION_IPV6
LogInit:      CURL_VERSION_ASYNCHDNS
LogInit:      CURL_VERSION_LARGEFILE
LogInit:      CURL_VERSION_IDN
LogInit:  CurlRequestOptions (configurable via config and command line):
LogInit:  - bVerifyPeer = true  - Libcurl will verify peer certificate
LogInit:  - bUseHttpProxy = false  - Libcurl will NOT use HTTP proxy
LogInit:  - bDontReuseConnections = false  - Libcurl will reuse connections
LogInit:  - CertBundlePath = nullptr  - Libcurl will use whatever was configured at build time.
LogInit: Presizing for max 16777216 objects, including 0 objects not considered by GC, pre-allocating 0 bytes for permanent pool.
LogInit: Object subsystem initialized
[2016.06.16-13.23.59:282][  0]LogInit: Selected Device Profile: [Windows]
[2016.06.16-13.23.59:282][  0]LogInit: Applying CVar settings loaded from the selected device profile: [Windows]
[2016.06.16-13.23.59:293][  0]LogInit: Computer: EMPRISE
[2016.06.16-13.23.59:293][  0]LogInit: User: nightfall
[2016.06.16-13.23.59:293][  0]LogInit: CPU Page size=65536, Cores=4
[2016.06.16-13.23.59:293][  0]LogInit: High frequency timer resolution =3.312784 MHz
[2016.06.16-13.23.59:294][  0]LogMemory: Memory total: Physical=15.9GB (16GB approx)
[2016.06.16-13.23.59:294][  0]LogMemory: Platform Memory Stats for Windows
[2016.06.16-13.23.59:294][  0]LogMemory: Process Physical Memory: 313.71 MB used, 313.71 MB peak
[2016.06.16-13.23.59:294][  0]LogMemory: Process Virtual Memory: 314.58 MB used, 314.58 MB peak
[2016.06.16-13.23.59:294][  0]LogMemory: Physical Memory: 4107.66 MB used, 16268.42 MB total
[2016.06.16-13.23.59:294][  0]LogMemory: Virtual Memory: 652.18 MB used, 134217728.00 MB total
[2016.06.16-13.23.59:355][  0]LogTextLocalizationManager: No specific translations for ('en-US') exist, so ('en') translations will be used.
[2016.06.16-13.23.59:759][  0]LogD3D11RHI: D3D11 adapters:
[2016.06.16-13.23.59:785][  0]LogD3D11RHI:    0. 'NVIDIA GeForce GTX 660  ' (Feature Level 11_0)
[2016.06.16-13.23.59:785][  0]LogD3D11RHI:       1988MB of dedicated video memory, 0MB of dedicated system memory, and 8134MB of shared system memory, 1 output[s]
[2016.06.16-13.23.59:790][  0]LogD3D11RHI:    1. 'Intel(R) HD Graphics' (Feature Level 11_0)
[2016.06.16-13.23.59:790][  0]LogD3D11RHI:       32MB of dedicated video memory, 0MB of dedicated system memory, and 1760MB of shared system memory, 0 output[s]
[2016.06.16-13.23.59:793][  0]LogD3D11RHI:    2. 'Microsoft Basic Render Driver' (Feature Level 11_0)
[2016.06.16-13.23.59:793][  0]LogD3D11RHI:       0MB of dedicated video memory, 0MB of dedicated system memory, and 8134MB of shared system memory, 0 output[s]
[2016.06.16-13.23.59:793][  0]LogD3D11RHI: Chosen D3D11 Adapter: 0
[2016.06.16-13.23.59:797][  0]LogD3D11RHI: Creating new Direct3DDevice
[2016.06.16-13.23.59:797][  0]LogD3D11RHI:     Adapter Name: NVIDIA GeForce GTX 660  
[2016.06.16-13.23.59:797][  0]LogD3D11RHI:   Driver Version: Unknown (internal Unknown)
[2016.06.16-13.23.59:797][  0]LogD3D11RHI:      Driver Date: Unknown
[2016.06.16-13.23.59:797][  0]LogRHI: Texture pool is 1361 MB (70% of 1945 MB)
[2016.06.16-13.23.59:820][  0]LogD3D11RHI: Async texture creation enabled
[2016.06.16-13.23.59:837][  0]LogShaderCompilers: Guid format shader working directory is 16 characters bigger than the processId version (D:/Unreal4Projects_LJS/LJSPR_Study/Intermediate/Shaders/WorkingDirectory/860/).
[2016.06.16-13.23.59:837][  0]LogShaderCompilers: Cleaned the shader compiler working directory 'C:/Users/NIGHTF~1/AppData/Local/Temp/UnrealShaderWorkingDir/D20D0672482C38C6CE2019927F04441E/'.
[2016.06.16-13.23.59:837][  0]LogShaderCompilers:Display: Using Local Shader Compiler.
[2016.06.16-13.24.00:980][  0]LogTemp:Display: Loaded TP AllDesktopTargetPlatform
[2016.06.16-13.24.00:986][  0]LogTemp:Display: Loaded TP WindowsClientTargetPlatform
[2016.06.16-13.24.00:994][  0]LogTemp:Display: Loaded TP WindowsNoEditorTargetPlatform
[2016.06.16-13.24.01:000][  0]LogTemp:Display: Loaded TP WindowsServerTargetPlatform
[2016.06.16-13.24.01:005][  0]LogTemp:Display: Loaded TP WindowsTargetPlatform
[2016.06.16-13.24.01:011][  0]LogTemp:Display: Loaded TP AndroidTargetPlatform
[2016.06.16-13.24.01:015][  0]LogTemp:Display: Loaded TP Android_ASTCTargetPlatform
[2016.06.16-13.24.01:018][  0]LogTemp:Display: Loaded TP Android_ATCTargetPlatform
[2016.06.16-13.24.01:023][  0]LogTemp:Display: Loaded TP Android_DXTTargetPlatform
[2016.06.16-13.24.01:028][  0]LogTemp:Display: Loaded TP Android_ETC1TargetPlatform
[2016.06.16-13.24.01:032][  0]LogTemp:Display: Loaded TP Android_ETC2TargetPlatform
[2016.06.16-13.24.01:041][  0]LogTemp:Display: Loaded TP Android_MultiTargetPlatform
[2016.06.16-13.24.01:041][  0]LogTemp:Display: Loaded TP Android_PVRTCTargetPlatform
[2016.06.16-13.24.01:043][  0]LogTemp:Display: Loaded TP HTML5TargetPlatform
[2016.06.16-13.24.01:063][  0]LogTemp:Display: Loaded TP IOSTargetPlatform
[2016.06.16-13.24.01:066][  0]LogTemp:Display: Loaded TP TVOSTargetPlatform
[2016.06.16-13.24.01:070][  0]LogTemp:Display: Loaded TP LinuxNoEditorTargetPlatform
[2016.06.16-13.24.01:074][  0]LogTemp:Display: Loaded TP LinuxServerTargetPlatform
[2016.06.16-13.24.01:079][  0]LogTemp:Display: Loaded TP LinuxTargetPlatform
[2016.06.16-13.24.01:079][  0]LogTargetPlatformManager:Display: Building Assets For Windows
[2016.06.16-13.24.01:182][  0]LogDerivedDataCache:Display: Max Cache Size: 512 MB
[2016.06.16-13.24.01:222][  0]LogDerivedDataCache: Loaded boot cache 0.04s 46MB C:/Users/nightfall/AppData/Local/UnrealEngine/4.11/DerivedDataCache/Boot.ddc.
[2016.06.16-13.24.01:222][  0]LogDerivedDataCache:Display: Loaded Boot cache: C:/Users/nightfall/AppData/Local/UnrealEngine/4.11/DerivedDataCache/Boot.ddc
[2016.06.16-13.24.01:222][  0]LogDerivedDataCache: FDerivedDataBackendGraph:  Pak pak cache file D:/Unreal4Projects_LJS/LJSPR_Study/DerivedDataCache/DDC.ddp not found, will not use a pak cache.
[2016.06.16-13.24.01:222][  0]LogDerivedDataCache: Unable to find inner node Pak for hierarchical cache Hierarchy.
[2016.06.16-13.24.01:222][  0]LogDerivedDataCache: FDerivedDataBackendGraph:  CompressedPak pak cache file D:/Unreal4Projects_LJS/LJSPR_Study/DerivedDataCache/Compressed.ddp not found, will not use a pak cache.
[2016.06.16-13.24.01:222][  0]LogDerivedDataCache: Unable to find inner node CompressedPak for hierarchical cache Hierarchy.
[2016.06.16-13.24.01:236][  0]LogDerivedDataCache:Display: Pak cache opened for reading ../../../Engine/DerivedDataCache/Compressed.ddp.
[2016.06.16-13.24.01:250][  0]LogDerivedDataCache: Using Local data cache path C:/Users/nightfall/AppData/Local/UnrealEngine/Common/DerivedDataCache: Writable
[2016.06.16-13.24.01:486][  0]LogInit: Selected Device Profile: [Windows]
[2016.06.16-13.24.01:486][  0]LogContentStreaming: Texture pool size is 0.00 MB
[2016.06.16-13.24.01:536][  0]LogMaterial: Uniform references updated for custom material expression Custom.
[2016.06.16-13.24.01:660][  0]LogMeshUtilities: No automatic mesh reduction module available
[2016.06.16-13.24.01:660][  0]LogMeshUtilities: No automatic mesh merging module available
[2016.06.16-13.24.01:661][  0]LogMeshUtilities: No distributed automatic mesh merging module available
[2016.06.16-13.24.01:904][  0]LogUObjectArray: 27679 objects as part of root set at end of initial load.
[2016.06.16-13.24.01:904][  0]LogUObjectAllocator: 5591592 out of 0 bytes used by permanent object pool.
[2016.06.16-13.24.01:904][  0]LogUObjectArray: CloseDisregardForGC: 0/0 objects in disregard for GC pool
[2016.06.16-13.24.01:913][  0]LogInit: WinSock: version 1.1 (2.2), MaxSocks=32767, MaxUdp=65467
[2016.06.16-13.24.02:043][  0]LogSlate: SlateFontCache - WITH_FREETYPE: 1, WITH_HARFBUZZ: 1
[2016.06.16-13.24.02:043][  0]LogSlate: SlateFontCache - WITH_FREETYPE: 1, WITH_HARFBUZZ: 1
[2016.06.16-13.24.02:179][  0]LogStreaming:Warning: Failed to read file '../../../Engine/Content/Editor/Slate/Common/Selection_16x.png' error.
[2016.06.16-13.24.02:179][  0]LogSlate: Could not find file for Slate resource: ../../../Engine/Content/Editor/Slate/Common/Selection_16x.png
[2016.06.16-13.24.02:179][  0]LogStreaming:Warning: Failed to read file '../../../Engine/Content/Editor/Slate/Common/Selection_16x.png' error.
[2016.06.16-13.24.02:179][  0]LogSlate: Could not find file for Slate resource: ../../../Engine/Content/Editor/Slate/Common/Selection_16x.png
[2016.06.16-13.24.02:180][  0]LogStreaming:Warning: Failed to read file '../../../Engine/Content/Editor/Slate/Common/Selection_16x.png' error.
[2016.06.16-13.24.02:180][  0]LogSlate: Could not find file for Slate resource: ../../../Engine/Content/Editor/Slate/Common/Selection_16x.png
[2016.06.16-13.24.02:880][  0]LogUdpMessaging: Initializing bridge on interface 0.0.0.0:0 to multicast group 230.0.0.1:6666.
[2016.06.16-13.24.03:006][  0]LogAssetRegistry: FAssetRegistry took 0.0217 seconds to start up
[2016.06.16-13.24.03:170][  0]SourceControl: Info Source control is disabled
[2016.06.16-13.24.03:173][  0]SourceControl: Info Source control is disabled
[2016.06.16-13.24.03:184][  0]SourceControl: Info Source control is disabled
[2016.06.16-13.24.03:193][  0]SourceControl: Info Source control is disabled
[2016.06.16-13.24.03:714][  0]LogHMD: Failed to initialize OpenVR with code 108
[2016.06.16-13.24.03:806][  0]LogEngine: Initializing Engine...
[2016.06.16-13.24.03:949][  0]LogAIModule: Creating AISystem for world NewWorld
[2016.06.16-13.24.03:987][  0]LogInit: XAudio2 using '스피커(Realtek High Definition Audio)' : 2 channels at 48 kHz using 32 bits per sample (channel mask 0x3)
[2016.06.16-13.24.04:044][  0]LogInit: FAudioDevice initialized.
[2016.06.16-13.24.04:076][  0]LogDerivedDataCache: Saved boot cache 0.03s 46MB C:/Users/nightfall/AppData/Local/UnrealEngine/4.11/DerivedDataCache/Boot.ddc.
[2016.06.16-13.24.04:079][  0]LogInit: Texture streaming: Enabled
[2016.06.16-13.24.04:112][  0]LogInit: Transaction tracking system initialized
[2016.06.16-13.24.04:143][  0]BlueprintLog: New page: Editor Load
[2016.06.16-13.24.04:252][  0]LocalizationService: Info Localization service is disabled
[2016.06.16-13.24.04:345][  0]LogConsoleResponse:Display: 
[2016.06.16-13.24.04:477][  0]LogCook:Display: Max memory allowance for cook 8192mb
[2016.06.16-13.24.04:477][  0]LogCook:Display: Mobile HDR setting 1
[2016.06.16-13.24.04:477][  0]LogCook:Display: Done creating registry. It took  0.00s.
[2016.06.16-13.24.04:544][  0]LogFileCache: Scanning file cache for directory 'D:/Unreal4Projects_LJS/LJSPR_Study/Content/' took 0.02s
[2016.06.16-13.24.04:544][  0]SourceControl: Info Source control is disabled
[2016.06.16-13.24.04:544][  0]Cmd: MAP LOAD FILE="D:/Unreal4Projects_LJS/LJSPR_Study/Content/ThirdPersonBP/Maps/ThirdPersonExampleMap.umap" TEMPLATE=0 SHOWPROGRESS=1 FEATURELEVEL=3
[2016.06.16-13.24.04:544][  0]LightingResults: New page: Lighting Build
[2016.06.16-13.24.04:548][  0]MapCheck: New page: Map Check
[2016.06.16-13.24.04:548][  0]LightingResults: New page: Lighting Build
[2016.06.16-13.24.05:020][  0]LogAIModule: Creating AISystem for world ThirdPersonExampleMap
[2016.06.16-13.24.05:029][  0]LogEditorServer: Finished looking for orphan Actors (0.000 secs)
[2016.06.16-13.24.05:030][  0]Cmd: MAP CHECKDEP NOCLEARLOG
[2016.06.16-13.24.05:130][  0]MapCheck: Info Map check complete: 0 Error(s), 0 Warning(s), took 100.833ms to complete.
[2016.06.16-13.24.05:131][  0]LogFileHelpers: Loading map 'ThirdPersonExampleMap' took 0.587
[2016.06.16-13.24.05:261][  0]LogCollectionManager: Loaded 0 collections in 0.002292 seconds
[2016.06.16-13.24.05:306][  0]LogFileCache: Scanning file cache for directory 'D:/Unreal4Projects_LJS/LJSPR_Study/Saved/Collections/' took 0.01s
[2016.06.16-13.24.05:307][  0]LogFileCache: Scanning file cache for directory 'D:/Unreal4Projects_LJS/LJSPR_Study/Content/Developers/nightfall/Collections/' took 0.01s
[2016.06.16-13.24.05:307][  0]LogFileCache: Scanning file cache for directory 'D:/Unreal4Projects_LJS/LJSPR_Study/Content/Collections/' took 0.01s
[2016.06.16-13.24.05:307][  0]LogCollectionManager: Rebuilt the GUID cache for 0 collections in 0.000003 seconds
[2016.06.16-13.24.05:315][  0]LogContentBrowser: Native class hierarchy populated in 0.0078 seconds. Added 1979 classes and 343 folders.
[2016.06.16-13.24.05:320][  0]LogStats: UGameplayTagsManager::ConstructGameplayTagTree: Construct from data asset -  0.000 s
[2016.06.16-13.24.05:320][  0]LogStats: UGameplayTagsManager::ConstructGameplayTagTree: GameplayTagTreeChangedEvent.Broadcast -  0.000 s
[2016.06.16-13.24.05:320][  0]LogContentBrowser: Native class hierarchy updated for 'GameplayTags' in 0.0006 seconds. Added 12 classes and 0 folders.
[2016.06.16-13.24.05:326][  0]LogContentBrowser: Native class hierarchy updated for 'WidgetCarousel' in 0.0005 seconds. Added 0 classes and 0 folders.
[2016.06.16-13.24.05:336][  0]LogContentBrowser: Native class hierarchy updated for 'SuperSearch' in 0.0006 seconds. Added 1 classes and 2 folders.
[2016.06.16-13.24.05:392][  0]LogContentBrowser: Native class hierarchy updated for 'AddContentDialog' in 0.0006 seconds. Added 0 classes and 0 folders.
[2016.06.16-13.24.05:397][  0]LogContentBrowser: Native class hierarchy updated for 'SceneOutliner' in 0.0005 seconds. Added 1 classes and 2 folders.
[2016.06.16-13.24.05:482][  0]LogContentBrowser: Native class hierarchy updated for 'WorldBrowser' in 0.0008 seconds. Added 1 classes and 3 folders.
[2016.06.16-13.24.05:488][  0]LogCrashTracker: Crashtracker disabled due to settings.
[2016.06.16-13.24.05:494][  0]LogUObjectGlobals:Warning: Failed to find object 'Class None.'
[2016.06.16-13.24.05:521][  0]LogContentBrowser: Native class hierarchy updated for 'HierarchicalLODOutliner' in 0.0005 seconds. Added 1 classes and 2 folders.
[2016.06.16-13.24.05:521][  0]LogLoad: Full Startup: 7.11 seconds (BP compile: 0.11 seconds)
[2016.06.16-13.24.05:521][  0]LogExternalProfiler: Found external profiler: VSPerf
[2016.06.16-13.24.05:521][  0]LogExternalProfiler: Using external profiler: VSPerf
[2016.06.16-13.24.05:862][  0]LogOcInput: OculusInput pre-init called
[2016.06.16-13.24.05:869][  0]LogOcInput: Can't find Oculus library dev build: is proper Runtime installed? Version: 1.3.0
[2016.06.16-13.24.05:915][  0]LogContentStreaming: Texture pool size now 700 MB
[2016.06.16-13.24.06:061][  0]LogRenderer: Reallocating scene render targets to support 976x524 (Frame:2).
[2016.06.16-13.24.06:204][  1]LogAssetRegistry: Asset discovery search completed in 3.2194 seconds
[2016.06.16-13.24.06:204][  1]LogCollectionManager: Rebuilt the object cache for 0 collections in 0.000001 seconds (found 0 objects)
[2016.06.16-13.24.06:204][  1]LogCollectionManager: Fixed up redirectors for 0 collections in 0.000022 seconds (updated 0 objects)
[2016.06.16-13.24.23:435][925]LogLinker:Warning: Asset 'D:/Unreal4Projects_LJS/LJSPR_Study/Content/LJS_Studies/LJS_Levels/LJSLV_Stealth.umap' has been saved with empty engine version. The asset will be loaded but may be incompatible.
[2016.06.16-13.24.23:544][925]LogAIModule: Creating AISystem for world LJSLV_Stealth
[2016.06.16-13.24.23:572][925]Cmd: MAP LOAD FILE="D:/Unreal4Projects_LJS/LJSPR_Study/Content/LJS_Studies/LJS_Levels/LJSLV_Stealth.umap" TEMPLATE=0 SHOWPROGRESS=1 FEATURELEVEL=3
[2016.06.16-13.24.23:572][925]LightingResults: New page: Lighting Build
[2016.06.16-13.24.23:592][925]LoadErrors: New page: Loading map: LJSLV_Stealth.umap
[2016.06.16-13.24.23:593][925]MapCheck: New page: Map Check
[2016.06.16-13.24.23:593][925]LightingResults: New page: Lighting Build
[2016.06.16-13.24.23:651][925]LogEditorServer: Finished looking for orphan Actors (0.000 secs)
[2016.06.16-13.24.23:675][925]Cmd: MAP CHECKDEP NOCLEARLOG
[2016.06.16-13.24.23:777][925]MapCheck: Info Map check complete: 0 Error(s), 0 Warning(s), took 102.054ms to complete.
[2016.06.16-13.24.23:778][925]LogFileHelpers: Loading map 'LJSLV_Stealth' took 0.208
[2016.06.16-13.33.04:530][963]LogSavePackage: Save=38.40ms
[2016.06.16-13.33.04:530][963]LogSavePackage: Moving 'D:/Unreal4Projects_LJS/LJSPR_Study/Saved/TSSL_ArenaDEEDE761426B7F811A78C293E75109D4.tmp' to 'D:/Unreal4Projects_LJS/LJSPR_Study/Content/LJS_Studies/TwinStickShooter/TSS_Levels/TSSL_Arena.umap'
[2016.06.16-13.33.04:532][963]LogSavePackage: Total save time: 40.88ms
[2016.06.16-13.33.04:532][963]LogSavePackage:Display: Finished SavePackage D:/Unreal4Projects_LJS/LJSPR_Study/Content/LJS_Studies/TwinStickShooter/TSS_Levels/TSSL_Arena.umap
[2016.06.16-13.33.04:532][963]LogFileHelpers: Saving map 'TSSL_Arena' took 0.187
[2016.06.16-13.33.04:536][963]Cmd: MAP LOAD FILE="D:/Unreal4Projects_LJS/LJSPR_Study/Content/LJS_Studies/TwinStickShooter/TSS_Levels/TSSL_Arena.umap" TEMPLATE=0 SHOWPROGRESS=1 FEATURELEVEL=3
[2016.06.16-13.33.04:536][963]LightingResults: New page: Lighting Build
[2016.06.16-13.33.04:557][963]LoadErrors: New page: Loading map: TSSL_Arena.umap
[2016.06.16-13.33.04:558][963]MapCheck: New page: Map Check
[2016.06.16-13.33.04:558][963]LightingResults: New page: Lighting Build
[2016.06.16-13.33.04:615][963]LogEditorServer: Finished looking for orphan Actors (0.000 secs)
[2016.06.16-13.33.04:615][963]LogAIModule: Creating AISystem for world TSSL_Arena
[2016.06.16-13.33.04:645][963]Cmd: MAP CHECKDEP NOCLEARLOG
[2016.06.16-13.33.04:745][963]MapCheck: Info Map check complete: 0 Error(s), 0 Warning(s), took 99.792ms to complete.
[2016.06.16-13.33.04:746][963]LogFileHelpers: Loading map 'TSSL_Arena' took 0.212
[2016.06.16-13.52.02:059][939]Cmd: QUIT_EDITOR
[2016.06.16-13.52.02:114][939]LogWindowsTextInputMethodSystem:Display: IME system now activated using TSF (Microsoft 입력기).
[2016.06.16-13.52.02:115][939]LogWindowsTextInputMethodSystem:Display: IME system now activated using TSF (Microsoft 입력기).
[2016.06.16-13.52.02:177][939]LogExit: Preparing to exit.
[2016.06.16-13.52.02:553][939]LogExit: Editor shut down
[2016.06.16-13.52.02:553][939]LogExit: Transaction tracking system shut down
[2016.06.16-13.52.02:670][939]LogObj: Freed 0b from 0 cluster array pools.
[2016.06.16-13.52.02:670][939]LogExit: Object subsystem successfully closed.
[2016.06.16-13.52.02:685][939]LogD3D11RHI: Shutdown
[2016.06.16-13.52.02:685][939]LogD3D11RHI: CleanupD3DDevice
[2016.06.16-13.52.02:731][939]LogD3D11RHI: ~FD3D11DynamicRHI
[2016.06.16-13.52.02:847][939]LogDerivedDataCache: Shutdown
[2016.06.16-13.52.02:847][939]LogModuleManager: Shutting down and abandoning module HierarchicalLODOutliner (205)
[2016.06.16-13.52.02:848][939]LogModuleManager: Shutting down and abandoning module CrashTracker (204)
[2016.06.16-13.52.02:848][939]LogModuleManager: Shutting down and abandoning module WorldBrowser (203)
[2016.06.16-13.52.02:848][939]LogModuleManager: Shutting down and abandoning module SceneOutliner (202)
[2016.06.16-13.52.02:848][939]LogModuleManager: Shutting down and abandoning module SuperSearch (201)
[2016.06.16-13.52.02:848][939]LogModuleManager: Shutting down and abandoning module WidgetCarousel (200)
[2016.06.16-13.52.02:848][939]LogModuleManager: Shutting down and abandoning module AddContentDialog (199)
[2016.06.16-13.52.02:849][939]LogModuleManager: Shutting down and abandoning module GameplayTags (198)
[2016.06.16-13.52.02:849][939]LogModuleManager: Shutting down and abandoning module EditorWidgets (197)
[2016.06.16-13.52.02:849][939]LogModuleManager: Shutting down and abandoning module CollectionManager (196)
[2016.06.16-13.52.02:850][939]LogModuleManager: Shutting down and abandoning module StatsViewer (195)
[2016.06.16-13.52.02:850][939]LogModuleManager: Shutting down and abandoning module FoliageEdit (194)
[2016.06.16-13.52.02:850][939]LogModuleManager: Shutting down and abandoning module LandscapeEditor (193)
[2016.06.16-13.52.02:850][939]LogModuleManager: Shutting down and abandoning module ActorPickerMode (192)
[2016.06.16-13.52.02:850][939]LogModuleManager: Shutting down and abandoning module GeometryMode (191)
[2016.06.16-13.52.02:850][939]LogModuleManager: Shutting down and abandoning module TextureAlignMode (190)
[2016.06.16-13.52.02:850][939]LogModuleManager: Shutting down and abandoning module BspMode (189)
[2016.06.16-13.52.02:850][939]LogModuleManager: Shutting down and abandoning module PlacementMode (188)
[2016.06.16-13.52.02:850][939]LogModuleManager: Shutting down and abandoning module AutomationWorker (187)
[2016.06.16-13.52.02:850][939]LogModuleManager: Shutting down and abandoning module CharacterAI (186)
[2016.06.16-13.52.02:850][939]LogModuleManager: Shutting down and abandoning module SmartSnapping (185)
[2016.06.16-13.52.02:850][939]LogModuleManager: Shutting down and abandoning module ViewportSnapping (184)
[2016.06.16-13.52.02:850][939]LogModuleManager: Shutting down and abandoning module LogVisualizer (183)
[2016.06.16-13.52.02:850][939]LogModuleManager: Shutting down and abandoning module GameProjectGeneration (182)
[2016.06.16-13.52.02:850][939]LogModuleManager: Shutting down and abandoning module IntroTutorials (181)
[2016.06.16-13.52.02:850][939]LogModuleManager: Shutting down and abandoning module EditorLiveStreaming (180)
[2016.06.16-13.52.02:850][939]LogModuleManager: Shutting down and abandoning module IOSPlatformEditor (179)
[2016.06.16-13.52.02:850][939]LogModuleManager: Shutting down and abandoning module HTML5PlatformEditor (178)
[2016.06.16-13.52.02:850][939]LogModuleManager: Shutting down and abandoning module AndroidDeviceDetection (177)
[2016.06.16-13.52.03:709][939]LogModuleManager: Shutting down and abandoning module AndroidPlatformEditor (176)
[2016.06.16-13.52.03:709][939]LogModuleManager: Shutting down and abandoning module IOSRuntimeSettings (175)
[2016.06.16-13.52.03:709][939]LogModuleManager: Shutting down and abandoning module AndroidRuntimeSettings (174)
[2016.06.16-13.52.03:709][939]LogModuleManager: Shutting down and abandoning module MergeActors (173)
[2016.06.16-13.52.03:709][939]LogModuleManager: Shutting down and abandoning module SizeMap (172)
[2016.06.16-13.52.03:709][939]LogModuleManager: Shutting down and abandoning module TreeMap (171)
[2016.06.16-13.52.03:709][939]LogModuleManager: Shutting down and abandoning module ReferenceViewer (170)
[2016.06.16-13.52.03:709][939]LogModuleManager: Shutting down and abandoning module LocalizationService (169)
[2016.06.16-13.52.03:709][939]LogModuleManager: Shutting down and abandoning module LocalizationDashboard (168)
[2016.06.16-13.52.03:709][939]LogModuleManager: Shutting down and abandoning module HardwareTargeting (167)
[2016.06.16-13.52.03:709][939]LogModuleManager: Shutting down and abandoning module DeviceProfileEditor (166)
[2016.06.16-13.52.03:709][939]LogModuleManager: Shutting down and abandoning module UndoHistory (165)
[2016.06.16-13.52.03:709][939]LogModuleManager: Shutting down and abandoning module UserFeedback (164)
[2016.06.16-13.52.03:709][939]LogModuleManager: Shutting down and abandoning module XmlParser (163)
[2016.06.16-13.52.03:709][939]LogModuleManager: Shutting down and abandoning module Blutility (162)
[2016.06.16-13.52.03:709][939]LogModuleManager: Shutting down and abandoning module ProjectTargetPlatformEditor (161)
[2016.06.16-13.52.03:709][939]LogModuleManager: Shutting down and abandoning module ProjectSettingsViewer (160)
[2016.06.16-13.52.03:709][939]LogModuleManager: Shutting down and abandoning module InputBindingEditor (159)
[2016.06.16-13.52.03:709][939]LogModuleManager: Shutting down and abandoning module EditorSettingsViewer (158)
[2016.06.16-13.52.03:710][939]LogModuleManager: Shutting down and abandoning module SettingsEditor (157)
[2016.06.16-13.52.03:710][939]LogModuleManager: Shutting down and abandoning module ProjectLauncher (156)
[2016.06.16-13.52.03:710][939]LogModuleManager: Shutting down and abandoning module SessionFrontend (155)
[2016.06.16-13.52.03:710][939]LogModuleManager: Shutting down and abandoning module ProfilerClient (154)
[2016.06.16-13.52.03:710][939]LogModuleManager: Shutting down and abandoning module TargetDeviceServices (153)
[2016.06.16-13.52.03:710][939]LogModuleManager: Shutting down and abandoning module DeviceManager (152)
[2016.06.16-13.52.03:754][939]LogModuleManager: Shutting down and abandoning module AutomationController (151)
[2016.06.16-13.52.03:754][939]LogModuleManager: Shutting down and abandoning module AutomationWindow (150)
[2016.06.16-13.52.03:754][939]LogModuleManager: Shutting down and abandoning module Layers (149)
[2016.06.16-13.52.03:754][939]LogModuleManager: Shutting down and abandoning module ComponentVisualizers (148)
[2016.06.16-13.52.03:754][939]LogModuleManager: Shutting down and abandoning module DetailCustomizations (147)
[2016.06.16-13.52.03:754][939]LogModuleManager: Shutting down and abandoning module PackagesDialog (146)
[2016.06.16-13.52.03:754][939]LogModuleManager: Shutting down and abandoning module Persona (145)
[2016.06.16-13.52.03:754][939]LogModuleManager: Shutting down and abandoning module Kismet (144)
[2016.06.16-13.52.03:754][939]LogModuleManager: Shutting down and abandoning module GraphEditor (143)
[2016.06.16-13.52.03:754][939]LogModuleManager: Shutting down and abandoning module ClassViewer (142)
[2016.06.16-13.52.03:754][939]LogModuleManager: Shutting down and abandoning module Toolbox (141)
[2016.06.16-13.52.03:754][939]LogModuleManager: Shutting down and abandoning module ModuleUI (140)
[2016.06.16-13.52.03:754][939]LogModuleManager: Shutting down and abandoning module MovieSceneTools (139)
[2016.06.16-13.52.03:754][939]LogModuleManager: Shutting down and abandoning module OutputLog (138)
[2016.06.16-13.52.03:754][939]LogModuleManager: Shutting down and abandoning module GammaUI (137)
[2016.06.16-13.52.03:754][939]LogModuleManager: Shutting down and abandoning module Documentation (136)
[2016.06.16-13.52.03:755][939]LogModuleManager: Shutting down and abandoning module StreamingPauseRendering (135)
[2016.06.16-13.52.03:755][939]LogModuleManager: Shutting down and abandoning module AnalyticsET (134)
[2016.06.16-13.52.03:755][939]LogModuleManager: Shutting down and abandoning module Analytics (133)
[2016.06.16-13.52.03:755][939]LogModuleManager: Shutting down and abandoning module PortalServices (132)
[2016.06.16-13.52.03:755][939]LogModuleManager: Shutting down and abandoning module PortalRpc (131)
[2016.06.16-13.52.03:755][939]LogModuleManager: Shutting down and abandoning module MessagingRpc (130)
[2016.06.16-13.52.03:755][939]LogModuleManager: Shutting down and abandoning module AITestSuite (129)
[2016.06.16-13.52.03:755][939]LogModuleManager: Shutting down and abandoning module GameplayDebugger (128)
[2016.06.16-13.52.03:755][939]LogModuleManager: Shutting down and abandoning module AIModule (127)
[2016.06.16-13.52.03:755][939]LogModuleManager: Shutting down and abandoning module ProfilerService (126)
[2016.06.16-13.52.03:933][939]LogModuleManager: Shutting down and abandoning module TaskGraph (125)
[2016.06.16-13.52.03:933][939]LogModuleManager: Shutting down and abandoning module SlateRemote (124)
[2016.06.16-13.52.03:933][939]LogModuleManager: Shutting down and abandoning module SteamVRController (123)
[2016.06.16-13.52.03:933][939]LogModuleManager: Shutting down and abandoning module SteamVR (122)
[2016.06.16-13.52.03:933][939]LogModuleManager: Shutting down and abandoning module ProceduralMeshComponent (121)
[2016.06.16-13.52.03:933][939]LogModuleManager: Shutting down and abandoning module OculusLibrary (120)
[2016.06.16-13.52.03:933][939]LogModuleManager: Shutting down and abandoning module OculusInput (119)
[2016.06.16-13.52.03:933][939]LogModuleManager: Shutting down and abandoning module CustomMeshComponent (118)
[2016.06.16-13.52.03:933][939]LogModuleManager: Shutting down and abandoning module CableComponent (117)
[2016.06.16-13.52.03:933][939]LogModuleManager: Shutting down and abandoning module ArchVisCharacter (116)
[2016.06.16-13.52.03:933][939]LogModuleManager: Shutting down and abandoning module MediaPlayerEditor (115)
[2016.06.16-13.52.03:933][939]LogModuleManager: Shutting down and abandoning module HTML5Networking (114)
[2016.06.16-13.52.03:933][939]LogModuleManager: Shutting down and abandoning module SpeedTreeImporter (113)
[2016.06.16-13.52.03:933][939]LogModuleManager: Shutting down and abandoning module PluginBrowser (112)
[2016.06.16-13.52.03:933][939]LogModuleManager: Shutting down and abandoning module EpicSurvey (111)
[2016.06.16-13.52.03:933][939]LogModuleManager: Shutting down and abandoning module DesktopPlatform (110)
[2016.06.16-13.52.03:933][939]LogModuleManager: Shutting down and abandoning module VisualStudioSourceCodeAccess (109)
[2016.06.16-13.52.03:933][939]LogModuleManager: Shutting down and abandoning module UObjectPlugin (108)
[2016.06.16-13.52.03:933][939]LogModuleManager: Shutting down and abandoning module SubversionSourceControl (107)
[2016.06.16-13.52.03:933][939]LogModuleManager: Shutting down and abandoning module PerforceSourceControl (106)
[2016.06.16-13.52.03:933][939]LogModuleManager: Shutting down and abandoning module SourceControl (105)
[2016.06.16-13.52.03:934][939]LogModuleManager: Shutting down and abandoning module GitSourceControl (104)
[2016.06.16-13.52.03:934][939]LogModuleManager: Shutting down and abandoning module LightPropagationVolumeEditor (103)
[2016.06.16-13.52.03:934][939]LogModuleManager: Shutting down and abandoning module PaperTiledImporter (102)
[2016.06.16-13.52.03:934][939]LogModuleManager: Shutting down and abandoning module PaperSpriteSheetImporter (101)
[2016.06.16-13.52.03:934][939]LogModuleManager: Shutting down and abandoning module MeshPaint (100)
[2016.06.16-13.52.03:934][939]LogModuleManager: Shutting down and abandoning module HotReload (99)
[2016.06.16-13.52.03:934][939]LogModuleManager: Shutting down and abandoning module MainFrame (98)
[2016.06.16-13.52.03:934][939]LogModuleManager: Shutting down and abandoning module LevelEditor (97)
[2016.06.16-13.52.03:935][939]LogModuleManager: Shutting down and abandoning module DirectoryWatcher (96)
[2016.06.16-13.52.03:936][939]LogModuleManager: Shutting down and abandoning module AssetRegistry (95)
[2016.06.16-13.52.04:206][939]LogModuleManager: Shutting down and abandoning module ContentBrowser (94)
[2016.06.16-13.52.04:207][939]LogModuleManager: Shutting down and abandoning module Paper2DEditor (93)
[2016.06.16-13.52.04:207][939]LogModuleManager: Shutting down and abandoning module UdpMessaging (92)
[2016.06.16-13.52.04:308][939]LogModuleManager: Shutting down and abandoning module LightPropagationVolumeRuntime (91)
[2016.06.16-13.52.04:308][939]LogModuleManager: Shutting down and abandoning module Paper2D (90)
[2016.06.16-13.52.04:308][939]LogModuleManager: Shutting down and abandoning module WindowsMoviePlayer (89)
[2016.06.16-13.52.04:308][939]LogModuleManager: Shutting down and abandoning module Media (88)
[2016.06.16-13.52.04:308][939]LogModuleManager: Shutting down and abandoning module WmfMedia (87)
[2016.06.16-13.52.04:308][939]LogModuleManager: Shutting down and abandoning module MediaAssets (86)
[2016.06.16-13.52.04:308][939]LogModuleManager: Shutting down and abandoning module GameLiveStreaming (85)
[2016.06.16-13.52.04:308][939]LogModuleManager: Shutting down and abandoning module GameplayTagsEditor (84)
[2016.06.16-13.52.04:308][939]LogModuleManager: Shutting down and abandoning module OnlineBlueprintSupport (83)
[2016.06.16-13.52.04:308][939]LogModuleManager: Shutting down and abandoning module GameplayTasksEditor (82)
[2016.06.16-13.52.04:308][939]LogModuleManager: Shutting down and abandoning module PropertyEditor (81)
[2016.06.16-13.52.04:308][939]LogModuleManager: Shutting down and abandoning module BehaviorTreeEditor (80)
[2016.06.16-13.52.04:308][939]LogModuleManager: Shutting down and abandoning module FunctionalTesting (79)
[2016.06.16-13.52.04:308][939]LogModuleManager: Shutting down and abandoning module CollisionAnalyzer (78)
[2016.06.16-13.52.04:308][939]LogModuleManager: Shutting down and abandoning module WorkspaceMenuStructure (77)
[2016.06.16-13.52.04:308][939]LogModuleManager: Shutting down and abandoning module MessageLog (76)
[2016.06.16-13.52.04:308][939]LogModuleManager: Shutting down and abandoning module Sequencer (75)
[2016.06.16-13.52.04:308][939]LogModuleManager: Shutting down and abandoning module AssetTools (74)
[2016.06.16-13.52.04:308][939]LogModuleManager: Shutting down and abandoning module UMGEditor (73)
[2016.06.16-13.52.04:308][939]LogModuleManager: Shutting down and abandoning module UMG (72)
[2016.06.16-13.52.04:308][939]LogModuleManager: Shutting down and abandoning module SlateReflector (71)
[2016.06.16-13.52.04:308][939]LogModuleManager: Shutting down and abandoning module Slate (70)
[2016.06.16-13.52.04:308][939]LogModuleManager: Shutting down and abandoning module EditorStyle (69)
[2016.06.16-13.52.04:314][939]LogModuleManager: Shutting down and abandoning module SessionServices (68)
[2016.06.16-13.52.04:314][939]LogModuleManager: Shutting down and abandoning module SourceCodeAccess (67)
[2016.06.16-13.52.04:315][939]LogModuleManager: Shutting down and abandoning module HeadMountedDisplay (66)
[2016.06.16-13.52.04:315][939]LogModuleManager: Shutting down and abandoning module XAudio2 (65)
[2016.06.16-13.52.04:315][939]LogModuleManager: Shutting down and abandoning module Networking (63)
[2016.06.16-13.52.04:315][939]LogModuleManager: Shutting down and abandoning module Core (62)
[2016.06.16-13.52.04:315][939]LogModuleManager: Shutting down and abandoning module KismetCompiler (61)
[2016.06.16-13.52.04:315][939]LogModuleManager: Shutting down and abandoning module PhysXFormats (60)
[2016.06.16-13.52.04:315][939]LogModuleManager: Shutting down and abandoning module MeshUtilities (59)
[2016.06.16-13.52.04:315][939]LogModuleManager: Shutting down and abandoning module CookingStats (58)
[2016.06.16-13.52.04:315][939]LogModuleManager: Shutting down and abandoning module DerivedDataCache (57)
[2016.06.16-13.52.04:315][939]LogDerivedDataCache: Shutdown
[2016.06.16-13.52.04:315][939]LogModuleManager: Shutting down and abandoning module ShaderFormatOpenGL (56)
[2016.06.16-13.52.04:315][939]LogModuleManager: Shutting down and abandoning module ShaderFormatD3D (55)
[2016.06.16-13.52.04:315][939]LogModuleManager: Shutting down and abandoning module MetalShaderFormat (54)
[2016.06.16-13.52.04:315][939]LogModuleManager: Shutting down and abandoning module TextureFormatUncompressed (53)
[2016.06.16-13.52.04:315][939]LogModuleManager: Shutting down and abandoning module TextureFormatPVR (52)
[2016.06.16-13.52.04:315][939]LogModuleManager: Shutting down and abandoning module TextureFormatIntelISPCTexComp (51)
[2016.06.16-13.52.04:315][939]LogModuleManager: Shutting down and abandoning module TextureFormatDXT (50)
[2016.06.16-13.52.04:315][939]LogModuleManager: Shutting down and abandoning module ImageWrapper (49)
[2016.06.16-13.52.04:315][939]LogModuleManager: Shutting down and abandoning module TextureFormatASTC (48)
[2016.06.16-13.52.04:315][939]LogModuleManager: Shutting down and abandoning module TextureFormatAndroid (47)
[2016.06.16-13.52.04:315][939]LogModuleManager: Shutting down and abandoning module AudioFormatOpus (46)
[2016.06.16-13.52.04:315][939]LogModuleManager: Shutting down and abandoning module AudioFormatOgg (45)
[2016.06.16-13.52.04:315][939]LogModuleManager: Shutting down and abandoning module AudioFormatADPCM (44)
[2016.06.16-13.52.04:315][939]LogModuleManager: Shutting down and abandoning module LinuxTargetPlatform (43)
[2016.06.16-13.52.04:315][939]LogModuleManager: Shutting down and abandoning module LinuxServerTargetPlatform (42)
[2016.06.16-13.52.04:315][939]LogModuleManager: Shutting down and abandoning module LinuxNoEditorTargetPlatform (41)
[2016.06.16-13.52.04:315][939]LogModuleManager: Shutting down and abandoning module TVOSTargetPlatform (40)
[2016.06.16-13.52.04:315][939]LogModuleManager: Shutting down and abandoning module Messaging (39)
[2016.06.16-13.52.04:315][939]LogModuleManager: Shutting down and abandoning module IOSTargetPlatform (38)
[2016.06.16-13.52.04:315][939]LogModuleManager: Shutting down and abandoning module HTML5TargetPlatform (37)
[2016.06.16-13.52.04:315][939]LogModuleManager: Shutting down and abandoning module Android_PVRTCTargetPlatform (36)
[2016.06.16-13.52.04:315][939]LogModuleManager: Shutting down and abandoning module Android_MultiTargetPlatform (35)
[2016.06.16-13.52.04:315][939]LogModuleManager: Shutting down and abandoning module Android_ETC2TargetPlatform (34)
[2016.06.16-13.52.04:315][939]LogModuleManager: Shutting down and abandoning module Android_ETC1TargetPlatform (33)
[2016.06.16-13.52.04:315][939]LogModuleManager: Shutting down and abandoning module Android_DXTTargetPlatform (32)
[2016.06.16-13.52.04:315][939]LogModuleManager: Shutting down and abandoning module Android_ATCTargetPlatform (31)
[2016.06.16-13.52.04:315][939]LogModuleManager: Shutting down and abandoning module Android_ASTCTargetPlatform (30)
[2016.06.16-13.52.04:315][939]LogModuleManager: Shutting down and abandoning module AndroidTargetPlatform (29)
[2016.06.16-13.52.04:315][939]LogModuleManager: Shutting down and abandoning module WindowsTargetPlatform (28)
[2016.06.16-13.52.04:315][939]LogModuleManager: Shutting down and abandoning module WindowsServerTargetPlatform (27)
[2016.06.16-13.52.04:315][939]LogModuleManager: Shutting down and abandoning module WindowsNoEditorTargetPlatform (26)
[2016.06.16-13.52.04:315][939]LogModuleManager: Shutting down and abandoning module WindowsClientTargetPlatform (25)
[2016.06.16-13.52.04:315][939]LogModuleManager: Shutting down and abandoning module AllDesktopTargetPlatform (24)
[2016.06.16-13.52.04:315][939]LogModuleManager: Shutting down and abandoning module TargetPlatform (23)
[2016.06.16-13.52.04:315][939]LogModuleManager: Shutting down and abandoning module InputCore (22)
[2016.06.16-13.52.04:315][939]LogModuleManager: Shutting down and abandoning module Settings (21)
[2016.06.16-13.52.04:315][939]LogModuleManager: Shutting down and abandoning module OnlineSubsystem (19)
[2016.06.16-13.52.04:315][939]LogModuleManager: Shutting down and abandoning module HTTP (18)
[2016.06.16-13.52.06:319][939]LogModuleManager: Shutting down and abandoning module XMPP (17)
[2016.06.16-13.52.06:319][939]LogModuleManager: Shutting down and abandoning module OculusRift (16)
[2016.06.16-13.52.06:319][939]LogModuleManager: Shutting down and abandoning module ExampleDeviceProfileSelector (15)
[2016.06.16-13.52.06:319][939]LogModuleManager: Shutting down and abandoning module TextureCompressor (14)
[2016.06.16-13.52.06:319][939]LogModuleManager: Shutting down and abandoning module ShaderCore (13)
[2016.06.16-13.52.06:319][939]LogModuleManager: Shutting down and abandoning module Landscape (12)
[2016.06.16-13.52.06:319][939]LogModuleManager: Shutting down and abandoning module SlateRHIRenderer (11)
[2016.06.16-13.52.06:320][939]LogModuleManager: Shutting down and abandoning module OpenGLDrv (10)
[2016.06.16-13.52.06:320][939]LogModuleManager: Shutting down and abandoning module D3D11RHI (9)
[2016.06.16-13.52.06:320][939]LogModuleManager: Shutting down and abandoning module AnimGraphRuntime (8)
[2016.06.16-13.52.06:321][939]LogModuleManager: Shutting down and abandoning module Renderer (7)
[2016.06.16-13.52.06:321][939]LogModuleManager: Shutting down and abandoning module Engine (6)
[2016.06.16-13.52.06:321][939]LogModuleManager: Shutting down and abandoning module CoreUObject (5)
[2016.06.16-13.52.06:321][939]LogModuleManager: Shutting down and abandoning module NetworkFile (4)
[2016.06.16-13.52.06:321][939]LogModuleManager: Shutting down and abandoning module StreamingFile (3)
[2016.06.16-13.52.06:321][939]LogModuleManager: Shutting down and abandoning module SandboxFile (2)
[2016.06.16-13.52.06:321][939]LogModuleManager: Shutting down and abandoning module PakFile (1)
[2016.06.16-13.52.06:322][939]LogExit: Exiting.
[2016.06.16-13.52.06:335][939]Log file closed, 06/16/16 22:52:06
